
The 1 th answer is:
1*x^1+3 -1*x^1+-1 1*x^1+-1 
1*x^1+0 1*x^1+1 0*x^1+1 
3*x^1+3 0*x^1+-1 2*x^1+-1 

The 2 th answer is:
1*x^1+3 -1*x^1+-1 2*x^1+0 
1*x^1+0 0*x^1+-1 0*x^1+1 
3*x^1+3 1*x^1+0 -1*x^1+-1 

The 3 th answer is:
1*x^1+3 0*x^1+-1 -1*x^1+-2 
1*x^1+0 0*x^1+-1 0*x^1+1 
3*x^1+3 -1*x^1+-1 -2*x^1+-2 

The 4 th answer is:
1*x^1+3 0*x^1+-1 -1*x^1+-2 
1*x^1+0 0*x^1+1 0*x^1+1 
3*x^1+3 -1*x^1+1 -2*x^1+0 

The 5 th answer is:
1*x^1+3 0*x^1+-1 -1*x^1+-1 
1*x^1+0 0*x^1+1 0*x^1+1 
3*x^1+3 -1*x^1+0 -2*x^1+0 

The 6 th answer is:
1*x^1+3 0*x^1+-1 0*x^1+-1 
1*x^1+0 -1*x^1+0 0*x^1+1 
3*x^1+3 0*x^1+-1 -1*x^1+-2 

The 7 th answer is:
1*x^1+3 0*x^1+-1 0*x^1+-1 
1*x^1+0 -1*x^1+1 0*x^1+1 
3*x^1+3 -1*x^1+-1 -1*x^1+-1 

The 8 th answer is:
1*x^1+3 0*x^1+-1 1*x^1+-1 
1*x^1+0 0*x^1+-1 0*x^1+1 
3*x^1+3 1*x^1+0 -2*x^1+-2 

The 9 th answer is:
1*x^1+3 0*x^1+-1 1*x^1+0 
1*x^1+0 0*x^1+1 0*x^1+1 
3*x^1+3 1*x^1+1 2*x^1+2 

The 10 th answer is:
1*x^1+3 0*x^1+-1 0*x^1+1 
1*x^1+0 1*x^1+-1 0*x^1+1 
3*x^1+3 -1*x^1+-1 1*x^1+1 

The 11 th answer is:
1*x^1+3 0*x^1+-1 1*x^1+1 
1*x^1+0 -1*x^1+0 0*x^1+1 
3*x^1+3 0*x^1+-1 2*x^1+0 

The 12 th answer is:
1*x^1+3 1*x^1+-1 0*x^1+-2 
1*x^1+0 0*x^1+1 0*x^1+1 
3*x^1+3 0*x^1+1 -1*x^1+0 

The 13 th answer is:
1*x^1+3 -1*x^1+0 2*x^1+0 
1*x^1+0 0*x^1+-1 0*x^1+1 
3*x^1+3 0*x^1+-1 1*x^1+1 

The 14 th answer is:
1*x^1+3 1*x^1+0 -1*x^1+-1 
1*x^1+0 0*x^1+-1 0*x^1+1 
3*x^1+3 1*x^1+1 -2*x^1+-2 

The 15 th answer is:
1*x^1+3 1*x^1+0 1*x^1+-1 
1*x^1+0 0*x^1+1 0*x^1+1 
3*x^1+3 -1*x^1+-1 -2*x^1+-2 

The 16 th answer is:
1*x^1+3 -1*x^1+1 2*x^1+0 
1*x^1+0 0*x^1+-1 0*x^1+1 
3*x^1+3 0*x^1+-1 1*x^1+2 

The 17 th answer is:
1*x^1+3 0*x^1+1 0*x^1+-1 
1*x^1+0 -1*x^1+-1 0*x^1+1 
3*x^1+3 1*x^1+1 -1*x^1+-1 

The 18 th answer is:
1*x^1+3 0*x^1+1 1*x^1+0 
1*x^1+0 0*x^1+-1 0*x^1+1 
3*x^1+3 1*x^1+-1 0*x^1+2 

The 19 th answer is:
1*x^1+3 0*x^1+1 0*x^1+1 
1*x^1+0 1*x^1+1 0*x^1+1 
3*x^1+3 1*x^1+1 1*x^1+1 

The 20 th answer is:
1*x^1+3 0*x^1+1 1*x^1+2 
1*x^1+0 0*x^1+-1 0*x^1+1 
3*x^1+3 1*x^1+1 2*x^1+2 

The 21 th answer is:
1*x^1+3 1*x^1+1 -2*x^1+-2 
1*x^1+0 0*x^1+-1 0*x^1+1 
3*x^1+3 0*x^1+-1 -1*x^1+0 

The 22 th answer is:
1*x^1+3 1*x^1+1 2*x^1+-2 
1*x^1+0 0*x^1+1 0*x^1+1 
3*x^1+3 0*x^1+1 -1*x^1+-2 

The 23 th answer is:
1*x^1+3 1*x^1+1 0*x^1+2 
1*x^1+0 0*x^1+1 0*x^1+1 
3*x^1+3 -1*x^1+0 -1*x^1+1 
Search finished!
